-------------------------------------------------------------------------------
      name:  <unnamed>
       log:  /accounts/grad/haowen.wu/Documents/EJR-revise/sum-stats/summary_st
> ats_0.log
  log type:  text
 opened on:   3 Feb 2019, 19:04:26
  1,704,467
Before August 2017

     female |      Freq.     Percent        Cum.
------------+-----------------------------------
          0 |    318,873       76.19       76.19
          1 |     99,659       23.81      100.00
------------+-----------------------------------
      Total |    418,532      100.00
  130,557
  41,243
  116,996

Linear regression                               Number of obs     =    418,532
                                                F(1, 130556)      =    3344.70
                                                Prob > F          =     0.0000
                                                R-squared         =     0.0063
                                                Root MSE          =     7.3112

                        (Std. Err. adjusted for 130,557 clusters in title_id1)
------------------------------------------------------------------------------
             |               Robust
        acad |      Coef.   Std. Err.      t    P>|t|     [95% Conf. Interval]
-------------+----------------------------------------------------------------
      female |  -1.367568   .0236467   -57.83   0.000    -1.413915   -1.321221
       _cons |   3.246816   .0168427   192.77   0.000     3.213805    3.279828
------------------------------------------------------------------------------

 ( 1)  female + _cons = 0

------------------------------------------------------------------------------
        acad |      Coef.   Std. Err.      t    P>|t|     [95% Conf. Interval]
-------------+----------------------------------------------------------------
         (1) |   1.879248   .0181099   103.77   0.000     1.843753    1.914743
------------------------------------------------------------------------------

Linear regression                               Number of obs     =    418,532
                                                F(1, 130556)      =    6068.21
                                                Prob > F          =     0.0000
                                                R-squared         =     0.0423
                                                Root MSE          =     1.3418

                        (Std. Err. adjusted for 130,557 clusters in title_id1)
------------------------------------------------------------------------------
             |               Robust
      person |      Coef.   Std. Err.      t    P>|t|     [95% Conf. Interval]
-------------+----------------------------------------------------------------
      female |   .6617036   .0084944    77.90   0.000     .6450547    .6783525
       _cons |   .3379151    .002229   151.60   0.000     .3335463    .3422839
------------------------------------------------------------------------------

 ( 1)  female + _cons = 0

------------------------------------------------------------------------------
      person |      Coef.   Std. Err.      t    P>|t|     [95% Conf. Interval]
-------------+----------------------------------------------------------------
         (1) |   .9996187   .0084942   117.68   0.000     .9829702    1.016267
------------------------------------------------------------------------------

Linear regression                               Number of obs     =    418,532
                                                F(1, 130556)      =    2591.30
                                                Prob > F          =     0.0000
                                                R-squared         =     0.0098
                                                Root MSE          =     .49331

                        (Std. Err. adjusted for 130,557 clusters in title_id1)
------------------------------------------------------------------------------
             |               Robust
  acad_dummy |      Coef.   Std. Err.      t    P>|t|     [95% Conf. Interval]
-------------+----------------------------------------------------------------
      female |   -.115312   .0022652   -50.90   0.000    -.1197519   -.1108722
       _cons |   .5925494   .0011533   513.80   0.000      .590289    .5948098
------------------------------------------------------------------------------

 ( 1)  female + _cons = 0

------------------------------------------------------------------------------
  acad_dummy |      Coef.   Std. Err.      t    P>|t|     [95% Conf. Interval]
-------------+----------------------------------------------------------------
         (1) |   .4772374   .0020926   228.06   0.000     .4731359    .4813388
------------------------------------------------------------------------------

Linear regression                               Number of obs     =    418,532
                                                F(1, 130556)      =    6068.21
                                                Prob > F          =     0.0000
                                                R-squared         =     0.0423
                                                Root MSE          =     1.3418

                        (Std. Err. adjusted for 130,557 clusters in title_id1)
------------------------------------------------------------------------------
             |               Robust
      person |      Coef.   Std. Err.      t    P>|t|     [95% Conf. Interval]
-------------+----------------------------------------------------------------
      female |   .6617036   .0084944    77.90   0.000     .6450547    .6783525
       _cons |   .3379151    .002229   151.60   0.000     .3335463    .3422839
------------------------------------------------------------------------------

 ( 1)  female + _cons = 0

------------------------------------------------------------------------------
      person |      Coef.   Std. Err.      t    P>|t|     [95% Conf. Interval]
-------------+----------------------------------------------------------------
         (1) |   .9996187   .0084942   117.68   0.000     .9829702    1.016267
------------------------------------------------------------------------------

Linear regression                               Number of obs     =    418,532
                                                F(1, 130556)      =   12701.83
                                                Prob > F          =     0.0000
                                                R-squared         =     0.0574
                                                Root MSE          =     .42217

                        (Std. Err. adjusted for 130,557 clusters in title_id1)
------------------------------------------------------------------------------
             |               Robust
person_dummy |      Coef.   Std. Err.      t    P>|t|     [95% Conf. Interval]
-------------+----------------------------------------------------------------
      female |   .2446424   .0021707   112.70   0.000     .2403879    .2488969
       _cons |   .1949365   .0008537   228.35   0.000     .1932633    .1966097
------------------------------------------------------------------------------

 ( 1)  female + _cons = 0

------------------------------------------------------------------------------
person_dummy |      Coef.   Std. Err.      t    P>|t|     [95% Conf. Interval]
-------------+----------------------------------------------------------------
         (1) |    .439579   .0021143   207.91   0.000      .435435     .443723
------------------------------------------------------------------------------

Linear regression                               Number of obs     =    418,532
                                                F(1, 130556)      =   11771.43
                                                Prob > F          =     0.0000
                                                R-squared         =     0.0367
                                                Root MSE          =     .48218

                        (Std. Err. adjusted for 130,557 clusters in title_id1)
------------------------------------------------------------------------------
             |               Robust
p_acad_dummy |      Coef.   Std. Err.      t    P>|t|     [95% Conf. Interval]
-------------+----------------------------------------------------------------
      female |  -.2208357   .0020354  -108.50   0.000    -.2248251   -.2168463
       _cons |   .4595497   .0011627   395.26   0.000     .4572709    .4618285
------------------------------------------------------------------------------

 ( 1)  female + _cons = 0

------------------------------------------------------------------------------
p_acad_dummy |      Coef.   Std. Err.      t    P>|t|     [95% Conf. Interval]
-------------+----------------------------------------------------------------
         (1) |    .238714   .0018128   131.68   0.000     .2351609    .2422671
------------------------------------------------------------------------------
*************************************************************************
After August 2017

     female |      Freq.     Percent        Cum.
------------+-----------------------------------
          0 |     15,848       76.69       76.69
          1 |      4,817       23.31      100.00
------------+-----------------------------------
      Total |     20,665      100.00
  6,887
  2,129
  6,192
Dependent Variable: acad

Linear regression                               Number of obs     =     20,665
                                                F(1, 6886)        =      48.01
                                                Prob > F          =     0.0000
                                                R-squared         =     0.0020
                                                Root MSE          =     8.3627

                          (Std. Err. adjusted for 6,887 clusters in title_id1)
------------------------------------------------------------------------------
             |               Robust
        acad |      Coef.   Std. Err.      t    P>|t|     [95% Conf. Interval]
-------------+----------------------------------------------------------------
      female |  -.8824713   .1273565    -6.93   0.000    -1.132129   -.6328134
       _cons |   3.524987   .0791438    44.54   0.000     3.369841    3.680134
------------------------------------------------------------------------------

 ( 1)  female + _cons = 0

------------------------------------------------------------------------------
        acad |      Coef.   Std. Err.      t    P>|t|     [95% Conf. Interval]
-------------+----------------------------------------------------------------
         (1) |   2.642516   .1066232    24.78   0.000     2.433502    2.851531
------------------------------------------------------------------------------
Dependent Variable: person

Linear regression                               Number of obs     =     20,665
                                                F(1, 6886)        =     260.05
                                                Prob > F          =     0.0000
                                                R-squared         =     0.0265
                                                Root MSE          =     1.4148

                          (Std. Err. adjusted for 6,887 clusters in title_id1)
------------------------------------------------------------------------------
             |               Robust
      person |      Coef.   Std. Err.      t    P>|t|     [95% Conf. Interval]
-------------+----------------------------------------------------------------
      female |   .5520181   .0342314    16.13   0.000      .484914    .6191221
       _cons |   .3423145   .0112941    30.31   0.000     .3201745    .3644545
------------------------------------------------------------------------------

 ( 1)  female + _cons = 0

------------------------------------------------------------------------------
      person |      Coef.   Std. Err.      t    P>|t|     [95% Conf. Interval]
-------------+----------------------------------------------------------------
         (1) |   .8943326   .0333867    26.79   0.000     .8288844    .9597807
------------------------------------------------------------------------------
Dependent Variable: acad_dummy

Linear regression                               Number of obs     =     20,665
                                                F(1, 6886)        =      16.67
                                                Prob > F          =     0.0000
                                                R-squared         =     0.0013
                                                Root MSE          =     .49206

                          (Std. Err. adjusted for 6,887 clusters in title_id1)
------------------------------------------------------------------------------
             |               Robust
  acad_dummy |      Coef.   Std. Err.      t    P>|t|     [95% Conf. Interval]
-------------+----------------------------------------------------------------
      female |  -.0414697   .0101562    -4.08   0.000    -.0613789   -.0215604
       _cons |   .5967945   .0049314   121.02   0.000     .5871276    .6064615
------------------------------------------------------------------------------

 ( 1)  female + _cons = 0

------------------------------------------------------------------------------
  acad_dummy |      Coef.   Std. Err.      t    P>|t|     [95% Conf. Interval]
-------------+----------------------------------------------------------------
         (1) |   .5553249   .0095838    57.94   0.000     .5365376    .5741121
------------------------------------------------------------------------------
Dependent Variable: person

Linear regression                               Number of obs     =     20,665
                                                F(1, 6886)        =     260.05
                                                Prob > F          =     0.0000
                                                R-squared         =     0.0265
                                                Root MSE          =     1.4148

                          (Std. Err. adjusted for 6,887 clusters in title_id1)
------------------------------------------------------------------------------
             |               Robust
      person |      Coef.   Std. Err.      t    P>|t|     [95% Conf. Interval]
-------------+----------------------------------------------------------------
      female |   .5520181   .0342314    16.13   0.000      .484914    .6191221
       _cons |   .3423145   .0112941    30.31   0.000     .3201745    .3644545
------------------------------------------------------------------------------

 ( 1)  female + _cons = 0

------------------------------------------------------------------------------
      person |      Coef.   Std. Err.      t    P>|t|     [95% Conf. Interval]
-------------+----------------------------------------------------------------
         (1) |   .8943326   .0333867    26.79   0.000     .8288844    .9597807
------------------------------------------------------------------------------
Dependent Variable: person_dummy

Linear regression                               Number of obs     =     20,665
                                                F(1, 6886)        =     462.11
                                                Prob > F          =     0.0000
                                                R-squared         =     0.0421
                                                Root MSE          =     .41717

                          (Std. Err. adjusted for 6,887 clusters in title_id1)
------------------------------------------------------------------------------
             |               Robust
person_dummy |      Coef.   Std. Err.      t    P>|t|     [95% Conf. Interval]
-------------+----------------------------------------------------------------
      female |   .2067641   .0096184    21.50   0.000     .1879092    .2256191
       _cons |    .190371   .0036727    51.83   0.000     .1831715    .1975706
------------------------------------------------------------------------------

 ( 1)  female + _cons = 0

------------------------------------------------------------------------------
person_dummy |      Coef.   Std. Err.      t    P>|t|     [95% Conf. Interval]
-------------+----------------------------------------------------------------
         (1) |   .3971351   .0093858    42.31   0.000     .3787361    .4155342
------------------------------------------------------------------------------
Dependent Variable: p_acad_dummy

Linear regression                               Number of obs     =     20,665
                                                F(1, 6886)        =     237.44
                                                Prob > F          =     0.0000
                                                R-squared         =     0.0163
                                                Root MSE          =      .4903

                          (Std. Err. adjusted for 6,887 clusters in title_id1)
------------------------------------------------------------------------------
             |               Robust
p_acad_dummy |      Coef.   Std. Err.      t    P>|t|     [95% Conf. Interval]
-------------+----------------------------------------------------------------
      female |  -.1493834   .0096945   -15.41   0.000    -.1683876   -.1303792
       _cons |   .4597426   .0048331    95.12   0.000     .4502682    .4692169
------------------------------------------------------------------------------

 ( 1)  female + _cons = 0

------------------------------------------------------------------------------
p_acad_dummy |      Coef.   Std. Err.      t    P>|t|     [95% Conf. Interval]
-------------+----------------------------------------------------------------
         (1) |   .3103591    .009108    34.08   0.000     .2925046    .3282137
------------------------------------------------------------------------------
      name:  <unnamed>
       log:  /accounts/grad/haowen.wu/Documents/EJR-revise/sum-stats/summary_st
> ats_0.log
  log type:  text
 closed on:   3 Feb 2019, 19:04:58
-------------------------------------------------------------------------------
