-------------------------------------------------------------------------------
      name:  <unnamed>
       log:  /accounts/grad/haowen.wu/Documents/EJR-revise/sum-stats/summary_st
> ats_2.log
  log type:  text
 opened on:   3 Feb 2019, 19:05:04
  41,868
Before August 2017

     female |      Freq.     Percent        Cum.
------------+-----------------------------------
          0 |      8,932       80.56       80.56
          1 |      2,156       19.44      100.00
------------+-----------------------------------
      Total |     11,088      100.00
  8,108
  1,773
  6,675

Linear regression                               Number of obs     =     11,088
                                                F(1, 8107)        =      58.25
                                                Prob > F          =     0.0000
                                                R-squared         =     0.0042
                                                Root MSE          =     13.046

                          (Std. Err. adjusted for 8,108 clusters in title_id1)
------------------------------------------------------------------------------
             |               Robust
        acad |      Coef.   Std. Err.      t    P>|t|     [95% Conf. Interval]
-------------+----------------------------------------------------------------
      female |  -2.138187   .2801637    -7.63   0.000     -2.68738   -1.588994
       _cons |   8.799597   .1661062    52.98   0.000     8.473986    9.125208
------------------------------------------------------------------------------

 ( 1)  female + _cons = 0

------------------------------------------------------------------------------
        acad |      Coef.   Std. Err.      t    P>|t|     [95% Conf. Interval]
-------------+----------------------------------------------------------------
         (1) |    6.66141   .2274433    29.29   0.000     6.215563    7.107257
------------------------------------------------------------------------------

Linear regression                               Number of obs     =     11,088
                                                F(1, 8107)        =      53.76
                                                Prob > F          =     0.0000
                                                R-squared         =     0.0103
                                                Root MSE          =     1.4928

                          (Std. Err. adjusted for 8,108 clusters in title_id1)
------------------------------------------------------------------------------
             |               Robust
      person |      Coef.   Std. Err.      t    P>|t|     [95% Conf. Interval]
-------------+----------------------------------------------------------------
      female |   .3852281   .0525415     7.33   0.000     .2822332     .488223
       _cons |   .4065159    .013967    29.11   0.000      .379137    .4338948
------------------------------------------------------------------------------

 ( 1)  female + _cons = 0

------------------------------------------------------------------------------
      person |      Coef.   Std. Err.      t    P>|t|     [95% Conf. Interval]
-------------+----------------------------------------------------------------
         (1) |    .791744   .0507971    15.59   0.000     .6921687    .8913192
------------------------------------------------------------------------------

Linear regression                               Number of obs     =     11,088
                                                F(1, 8107)        =       2.87
                                                Prob > F          =     0.0903
                                                R-squared         =     0.0005
                                                Root MSE          =      .2306

                          (Std. Err. adjusted for 8,108 clusters in title_id1)
------------------------------------------------------------------------------
             |               Robust
  acad_dummy |      Coef.   Std. Err.      t    P>|t|     [95% Conf. Interval]
-------------+----------------------------------------------------------------
      female |  -.0123633   .0072992    -1.69   0.090    -.0266715     .001945
       _cons |   .9460367   .0031801   297.49   0.000     .9398029    .9522705
------------------------------------------------------------------------------

 ( 1)  female + _cons = 0

------------------------------------------------------------------------------
  acad_dummy |      Coef.   Std. Err.      t    P>|t|     [95% Conf. Interval]
-------------+----------------------------------------------------------------
         (1) |   .9336735   .0066085   141.28   0.000      .920719    .9466279
------------------------------------------------------------------------------

Linear regression                               Number of obs     =     11,088
                                                F(1, 8107)        =      53.76
                                                Prob > F          =     0.0000
                                                R-squared         =     0.0103
                                                Root MSE          =     1.4928

                          (Std. Err. adjusted for 8,108 clusters in title_id1)
------------------------------------------------------------------------------
             |               Robust
      person |      Coef.   Std. Err.      t    P>|t|     [95% Conf. Interval]
-------------+----------------------------------------------------------------
      female |   .3852281   .0525415     7.33   0.000     .2822332     .488223
       _cons |   .4065159    .013967    29.11   0.000      .379137    .4338948
------------------------------------------------------------------------------

 ( 1)  female + _cons = 0

------------------------------------------------------------------------------
      person |      Coef.   Std. Err.      t    P>|t|     [95% Conf. Interval]
-------------+----------------------------------------------------------------
         (1) |    .791744   .0507971    15.59   0.000     .6921687    .8913192
------------------------------------------------------------------------------

Linear regression                               Number of obs     =     11,088
                                                F(1, 8107)        =      93.98
                                                Prob > F          =     0.0000
                                                R-squared         =     0.0120
                                                Root MSE          =     .42117

                          (Std. Err. adjusted for 8,108 clusters in title_id1)
------------------------------------------------------------------------------
             |               Robust
person_dummy |      Coef.   Std. Err.      t    P>|t|     [95% Conf. Interval]
-------------+----------------------------------------------------------------
      female |    .117139   .0120832     9.69   0.000     .0934529    .1408251
       _cons |   .2117107   .0045431    46.60   0.000      .202805    .2206164
------------------------------------------------------------------------------

 ( 1)  female + _cons = 0

------------------------------------------------------------------------------
person_dummy |      Coef.   Std. Err.      t    P>|t|     [95% Conf. Interval]
-------------+----------------------------------------------------------------
         (1) |   .3288497   .0112607    29.20   0.000     .3067758    .3509236
------------------------------------------------------------------------------

Linear regression                               Number of obs     =     11,088
                                                F(1, 8107)        =     110.37
                                                Prob > F          =     0.0000
                                                R-squared         =     0.0127
                                                Root MSE          =     .44992

                          (Std. Err. adjusted for 8,108 clusters in title_id1)
------------------------------------------------------------------------------
             |               Robust
p_acad_dummy |      Coef.   Std. Err.      t    P>|t|     [95% Conf. Interval]
-------------+----------------------------------------------------------------
      female |  -.1291664   .0122947   -10.51   0.000    -.1532672   -.1050656
       _cons |   .7372369    .004945   149.09   0.000     .7275435    .7469303
------------------------------------------------------------------------------

 ( 1)  female + _cons = 0

------------------------------------------------------------------------------
p_acad_dummy |      Coef.   Std. Err.      t    P>|t|     [95% Conf. Interval]
-------------+----------------------------------------------------------------
         (1) |   .6080705   .0112831    53.89   0.000     .5859528    .6301882
------------------------------------------------------------------------------
*************************************************************************
After August 2017

     female |      Freq.     Percent        Cum.
------------+-----------------------------------
          0 |        374       76.95       76.95
          1 |        112       23.05      100.00
------------+-----------------------------------
      Total |        486      100.00
  808
  86
  298
Dependent Variable: acad

Linear regression                               Number of obs     =        486
                                                F(1, 362)         =       0.49
                                                Prob > F          =     0.4830
                                                R-squared         =     0.0012
                                                Root MSE          =     15.237

                            (Std. Err. adjusted for 363 clusters in title_id1)
------------------------------------------------------------------------------
             |               Robust
        acad |      Coef.   Std. Err.      t    P>|t|     [95% Conf. Interval]
-------------+----------------------------------------------------------------
      female |  -1.225363   1.744956    -0.70   0.483    -4.656886    2.206161
       _cons |   10.79679   .8022723    13.46   0.000     9.219092    12.37449
------------------------------------------------------------------------------

 ( 1)  female + _cons = 0

------------------------------------------------------------------------------
        acad |      Coef.   Std. Err.      t    P>|t|     [95% Conf. Interval]
-------------+----------------------------------------------------------------
         (1) |   9.571429   1.564021     6.12   0.000     6.495721    12.64714
------------------------------------------------------------------------------
Dependent Variable: person

Linear regression                               Number of obs     =        486
                                                F(1, 362)         =       4.02
                                                Prob > F          =     0.0458
                                                R-squared         =     0.0126
                                                Root MSE          =     1.4132

                            (Std. Err. adjusted for 363 clusters in title_id1)
------------------------------------------------------------------------------
             |               Robust
      person |      Coef.   Std. Err.      t    P>|t|     [95% Conf. Interval]
-------------+----------------------------------------------------------------
      female |   .3787242   .1889891     2.00   0.046     .0070697    .7503787
       _cons |   .5855615    .070656     8.29   0.000     .4466137    .7245093
------------------------------------------------------------------------------

 ( 1)  female + _cons = 0

------------------------------------------------------------------------------
      person |      Coef.   Std. Err.      t    P>|t|     [95% Conf. Interval]
-------------+----------------------------------------------------------------
         (1) |   .9642857   .1790077     5.39   0.000     .6122602    1.316311
------------------------------------------------------------------------------
Dependent Variable: acad_dummy

Linear regression                               Number of obs     =        486
                                                F(1, 362)         =       0.15
                                                Prob > F          =     0.6983
                                                R-squared         =     0.0014
                                                Root MSE          =     .22937

                            (Std. Err. adjusted for 363 clusters in title_id1)
------------------------------------------------------------------------------
             |               Robust
  acad_dummy |      Coef.   Std. Err.      t    P>|t|     [95% Conf. Interval]
-------------+----------------------------------------------------------------
      female |  -.0206264   .0531673    -0.39   0.698     -.125182    .0839291
       _cons |   .9491979   .0137628    68.97   0.000     .9221327     .976263
------------------------------------------------------------------------------

 ( 1)  female + _cons = 0

------------------------------------------------------------------------------
  acad_dummy |      Coef.   Std. Err.      t    P>|t|     [95% Conf. Interval]
-------------+----------------------------------------------------------------
         (1) |   .9285714   .0513748    18.07   0.000     .8275409    1.029602
------------------------------------------------------------------------------
Dependent Variable: person

Linear regression                               Number of obs     =        486
                                                F(1, 362)         =       4.02
                                                Prob > F          =     0.0458
                                                R-squared         =     0.0126
                                                Root MSE          =     1.4132

                            (Std. Err. adjusted for 363 clusters in title_id1)
------------------------------------------------------------------------------
             |               Robust
      person |      Coef.   Std. Err.      t    P>|t|     [95% Conf. Interval]
-------------+----------------------------------------------------------------
      female |   .3787242   .1889891     2.00   0.046     .0070697    .7503787
       _cons |   .5855615    .070656     8.29   0.000     .4466137    .7245093
------------------------------------------------------------------------------

 ( 1)  female + _cons = 0

------------------------------------------------------------------------------
      person |      Coef.   Std. Err.      t    P>|t|     [95% Conf. Interval]
-------------+----------------------------------------------------------------
         (1) |   .9642857   .1790077     5.39   0.000     .6122602    1.316311
------------------------------------------------------------------------------
Dependent Variable: person_dummy

Linear regression                               Number of obs     =        486
                                                F(1, 362)         =       3.27
                                                Prob > F          =     0.0715
                                                R-squared         =     0.0094
                                                Root MSE          =     .46154

                            (Std. Err. adjusted for 363 clusters in title_id1)
------------------------------------------------------------------------------
             |               Robust
person_dummy |      Coef.   Std. Err.      t    P>|t|     [95% Conf. Interval]
-------------+----------------------------------------------------------------
      female |   .1067609   .0590679     1.81   0.072    -.0093985    .2229203
       _cons |   .2860963   .0246577    11.60   0.000      .237606    .3345865
------------------------------------------------------------------------------

 ( 1)  female + _cons = 0

------------------------------------------------------------------------------
person_dummy |      Coef.   Std. Err.      t    P>|t|     [95% Conf. Interval]
-------------+----------------------------------------------------------------
         (1) |   .3928571   .0546457     7.19   0.000     .2853943      .50032
------------------------------------------------------------------------------
Dependent Variable: p_acad_dummy

Linear regression                               Number of obs     =        486
                                                F(1, 362)         =       4.05
                                                Prob > F          =     0.0448
                                                R-squared         =     0.0113
                                                Root MSE          =     .47889

                            (Std. Err. adjusted for 363 clusters in title_id1)
------------------------------------------------------------------------------
             |               Robust
p_acad_dummy |      Coef.   Std. Err.      t    P>|t|     [95% Conf. Interval]
-------------+----------------------------------------------------------------
      female |  -.1211325   .0601589    -2.01   0.045    -.2394374   -.0028276
       _cons |   .6657754    .025378    26.23   0.000     .6158685    .7156823
------------------------------------------------------------------------------

 ( 1)  female + _cons = 0

------------------------------------------------------------------------------
p_acad_dummy |      Coef.   Std. Err.      t    P>|t|     [95% Conf. Interval]
-------------+----------------------------------------------------------------
         (1) |   .5446429   .0552242     9.86   0.000     .4360423    .6532435
------------------------------------------------------------------------------
      name:  <unnamed>
       log:  /accounts/grad/haowen.wu/Documents/EJR-revise/sum-stats/summary_st
> ats_2.log
  log type:  text
 closed on:   3 Feb 2019, 19:05:06
-------------------------------------------------------------------------------
