-------------------------------------------------------------------------------
      name:  <unnamed>
       log:  /accounts/grad/haowen.wu/Documents/EJR-revise/sum-stats/summary_st
> ats_3.log
  log type:  text
 opened on:   3 Feb 2019, 19:05:08
  33,115
Before August 2017

     female |      Freq.     Percent        Cum.
------------+-----------------------------------
          0 |      9,675       80.56       80.56
          1 |      2,335       19.44      100.00
------------+-----------------------------------
      Total |     12,010      100.00
  8,033
  1,734
  6,613

Linear regression                               Number of obs     =     12,010
                                                F(1, 8032)        =       9.94
                                                Prob > F          =     0.0016
                                                R-squared         =     0.0007
                                                Root MSE          =      15.59

                          (Std. Err. adjusted for 8,033 clusters in title_id1)
------------------------------------------------------------------------------
             |               Robust
        acad |      Coef.   Std. Err.      t    P>|t|     [95% Conf. Interval]
-------------+----------------------------------------------------------------
      female |  -1.008981   .3200453    -3.15   0.002    -1.636353   -.3816096
       _cons |   9.382429   .1849545    50.73   0.000      9.01987    9.744988
------------------------------------------------------------------------------

 ( 1)  female + _cons = 0

------------------------------------------------------------------------------
        acad |      Coef.   Std. Err.      t    P>|t|     [95% Conf. Interval]
-------------+----------------------------------------------------------------
         (1) |   8.373448   .2631687    31.82   0.000     7.857569    8.889326
------------------------------------------------------------------------------

Linear regression                               Number of obs     =     12,010
                                                F(1, 8032)        =     175.93
                                                Prob > F          =     0.0000
                                                R-squared         =     0.0352
                                                Root MSE          =     1.9493

                          (Std. Err. adjusted for 8,033 clusters in title_id1)
------------------------------------------------------------------------------
             |               Robust
      person |      Coef.   Std. Err.      t    P>|t|     [95% Conf. Interval]
-------------+----------------------------------------------------------------
      female |   .9411926   .0709592    13.26   0.000     .8020942    1.080291
       _cons |   .4857881      .0164    29.62   0.000     .4536399    .5179364
------------------------------------------------------------------------------

 ( 1)  female + _cons = 0

------------------------------------------------------------------------------
      person |      Coef.   Std. Err.      t    P>|t|     [95% Conf. Interval]
-------------+----------------------------------------------------------------
         (1) |   1.426981   .0694515    20.55   0.000     1.290838    1.563124
------------------------------------------------------------------------------

Linear regression                               Number of obs     =     12,010
                                                F(1, 8032)        =      45.34
                                                Prob > F          =     0.0000
                                                R-squared         =     0.0042
                                                Root MSE          =     .29056

                          (Std. Err. adjusted for 8,033 clusters in title_id1)
------------------------------------------------------------------------------
             |               Robust
  acad_dummy |      Coef.   Std. Err.      t    P>|t|     [95% Conf. Interval]
-------------+----------------------------------------------------------------
      female |   .0474928   .0070535     6.73   0.000      .033666    .0613195
       _cons |    .897261   .0043229   207.56   0.000     .8887869    .9057351
------------------------------------------------------------------------------

 ( 1)  female + _cons = 0

------------------------------------------------------------------------------
  acad_dummy |      Coef.   Std. Err.      t    P>|t|     [95% Conf. Interval]
-------------+----------------------------------------------------------------
         (1) |   .9447537   .0056878   166.10   0.000     .9336042    .9559033
------------------------------------------------------------------------------

Linear regression                               Number of obs     =     12,010
                                                F(1, 8032)        =     175.93
                                                Prob > F          =     0.0000
                                                R-squared         =     0.0352
                                                Root MSE          =     1.9493

                          (Std. Err. adjusted for 8,033 clusters in title_id1)
------------------------------------------------------------------------------
             |               Robust
      person |      Coef.   Std. Err.      t    P>|t|     [95% Conf. Interval]
-------------+----------------------------------------------------------------
      female |   .9411926   .0709592    13.26   0.000     .8020942    1.080291
       _cons |   .4857881      .0164    29.62   0.000     .4536399    .5179364
------------------------------------------------------------------------------

 ( 1)  female + _cons = 0

------------------------------------------------------------------------------
      person |      Coef.   Std. Err.      t    P>|t|     [95% Conf. Interval]
-------------+----------------------------------------------------------------
         (1) |   1.426981   .0694515    20.55   0.000     1.290838    1.563124
------------------------------------------------------------------------------

Linear regression                               Number of obs     =     12,010
                                                F(1, 8032)        =     275.95
                                                Prob > F          =     0.0000
                                                R-squared         =     0.0361
                                                Root MSE          =     .43989

                          (Std. Err. adjusted for 8,033 clusters in title_id1)
------------------------------------------------------------------------------
             |               Robust
person_dummy |      Coef.   Std. Err.      t    P>|t|     [95% Conf. Interval]
-------------+----------------------------------------------------------------
      female |   .2152162   .0129557    16.61   0.000     .1898196    .2406127
       _cons |   .2361757    .004758    49.64   0.000     .2268488    .2455026
------------------------------------------------------------------------------

 ( 1)  female + _cons = 0

------------------------------------------------------------------------------
person_dummy |      Coef.   Std. Err.      t    P>|t|     [95% Conf. Interval]
-------------+----------------------------------------------------------------
         (1) |   .4513919   .0122335    36.90   0.000     .4274109    .4753728
------------------------------------------------------------------------------

Linear regression                               Number of obs     =     12,010
                                                F(1, 8032)        =     182.23
                                                Prob > F          =     0.0000
                                                R-squared         =     0.0195
                                                Root MSE          =      .4769

                          (Std. Err. adjusted for 8,033 clusters in title_id1)
------------------------------------------------------------------------------
             |               Robust
p_acad_dummy |      Coef.   Std. Err.      t    P>|t|     [95% Conf. Interval]
-------------+----------------------------------------------------------------
      female |   -.169849   .0125821   -13.50   0.000    -.1945132   -.1451848
       _cons |   .6674935   .0053644   124.43   0.000     .6569779    .6780092
------------------------------------------------------------------------------

 ( 1)  female + _cons = 0

------------------------------------------------------------------------------
p_acad_dummy |      Coef.   Std. Err.      t    P>|t|     [95% Conf. Interval]
-------------+----------------------------------------------------------------
         (1) |   .4976445   .0115448    43.11   0.000     .4750137    .5202753
------------------------------------------------------------------------------
*************************************************************************
After August 2017

     female |      Freq.     Percent        Cum.
------------+-----------------------------------
          0 |        718       81.87       81.87
          1 |        159       18.13      100.00
------------+-----------------------------------
      Total |        877      100.00
  1,113
  122
  552
Dependent Variable: acad

Linear regression                               Number of obs     =        877
                                                F(1, 644)         =       1.61
                                                Prob > F          =     0.2055
                                                R-squared         =     0.0016
                                                Root MSE          =      16.28

                            (Std. Err. adjusted for 645 clusters in title_id1)
------------------------------------------------------------------------------
             |               Robust
        acad |      Coef.   Std. Err.      t    P>|t|     [95% Conf. Interval]
-------------+----------------------------------------------------------------
      female |   1.672457   1.319608     1.27   0.205    -.9187967     4.26371
       _cons |   8.057103   .6413186    12.56   0.000     6.797775    9.316431
------------------------------------------------------------------------------

 ( 1)  female + _cons = 0

------------------------------------------------------------------------------
        acad |      Coef.   Std. Err.      t    P>|t|     [95% Conf. Interval]
-------------+----------------------------------------------------------------
         (1) |    9.72956   1.162357     8.37   0.000     7.447092    12.01203
------------------------------------------------------------------------------
Dependent Variable: person

Linear regression                               Number of obs     =        877
                                                F(1, 644)         =      17.90
                                                Prob > F          =     0.0000
                                                R-squared         =     0.0599
                                                Root MSE          =     1.7983

                            (Std. Err. adjusted for 645 clusters in title_id1)
------------------------------------------------------------------------------
             |               Robust
      person |      Coef.   Std. Err.      t    P>|t|     [95% Conf. Interval]
-------------+----------------------------------------------------------------
      female |   1.177415   .2782924     4.23   0.000     .6309444    1.723885
       _cons |   .3760446   .0518414     7.25   0.000      .274246    .4778431
------------------------------------------------------------------------------

 ( 1)  female + _cons = 0

------------------------------------------------------------------------------
      person |      Coef.   Std. Err.      t    P>|t|     [95% Conf. Interval]
-------------+----------------------------------------------------------------
         (1) |   1.553459   .2734208     5.68   0.000     1.016555    2.090363
------------------------------------------------------------------------------
Dependent Variable: acad_dummy

Linear regression                               Number of obs     =        877
                                                F(1, 644)         =      43.59
                                                Prob > F          =     0.0000
                                                R-squared         =     0.0354
                                                Root MSE          =     .41472

                            (Std. Err. adjusted for 645 clusters in title_id1)
------------------------------------------------------------------------------
             |               Robust
  acad_dummy |      Coef.   Std. Err.      t    P>|t|     [95% Conf. Interval]
-------------+----------------------------------------------------------------
      female |   .2059091    .031186     6.60   0.000     .1446707    .2671476
       _cons |   .7311978   .0189376    38.61   0.000     .6940108    .7683848
------------------------------------------------------------------------------

 ( 1)  female + _cons = 0

------------------------------------------------------------------------------
  acad_dummy |      Coef.   Std. Err.      t    P>|t|     [95% Conf. Interval]
-------------+----------------------------------------------------------------
         (1) |   .9371069   .0254151    36.87   0.000     .8872005    .9870134
------------------------------------------------------------------------------
Dependent Variable: person

Linear regression                               Number of obs     =        877
                                                F(1, 644)         =      17.90
                                                Prob > F          =     0.0000
                                                R-squared         =     0.0599
                                                Root MSE          =     1.7983

                            (Std. Err. adjusted for 645 clusters in title_id1)
------------------------------------------------------------------------------
             |               Robust
      person |      Coef.   Std. Err.      t    P>|t|     [95% Conf. Interval]
-------------+----------------------------------------------------------------
      female |   1.177415   .2782924     4.23   0.000     .6309444    1.723885
       _cons |   .3760446   .0518414     7.25   0.000      .274246    .4778431
------------------------------------------------------------------------------

 ( 1)  female + _cons = 0

------------------------------------------------------------------------------
      person |      Coef.   Std. Err.      t    P>|t|     [95% Conf. Interval]
-------------+----------------------------------------------------------------
         (1) |   1.553459   .2734208     5.68   0.000     1.016555    2.090363
------------------------------------------------------------------------------
Dependent Variable: person_dummy

Linear regression                               Number of obs     =        877
                                                F(1, 644)         =      38.02
                                                Prob > F          =     0.0000
                                                R-squared         =     0.0756
                                                Root MSE          =     .40314

                            (Std. Err. adjusted for 645 clusters in title_id1)
------------------------------------------------------------------------------
             |               Robust
person_dummy |      Coef.   Std. Err.      t    P>|t|     [95% Conf. Interval]
-------------+----------------------------------------------------------------
      female |   .2989962   .0484901     6.17   0.000     .2037784    .3942139
       _cons |   .1727019    .014769    11.69   0.000     .1437008    .2017031
------------------------------------------------------------------------------

 ( 1)  female + _cons = 0

------------------------------------------------------------------------------
person_dummy |      Coef.   Std. Err.      t    P>|t|     [95% Conf. Interval]
-------------+----------------------------------------------------------------
         (1) |   .4716981    .047032    10.03   0.000     .3793434    .5640528
------------------------------------------------------------------------------
Dependent Variable: p_acad_dummy

Linear regression                               Number of obs     =        877
                                                F(1, 644)         =       3.89
                                                Prob > F          =     0.0490
                                                R-squared         =     0.0055
                                                Root MSE          =     .49726

                            (Std. Err. adjusted for 645 clusters in title_id1)
------------------------------------------------------------------------------
             |               Robust
p_acad_dummy |      Coef.   Std. Err.      t    P>|t|     [95% Conf. Interval]
-------------+----------------------------------------------------------------
      female |  -.0958725   .0486194    -1.97   0.049    -.1913443   -.0004008
       _cons |   .5612813   .0201398    27.87   0.000     .5217338    .6008289
------------------------------------------------------------------------------

 ( 1)  female + _cons = 0

------------------------------------------------------------------------------
p_acad_dummy |      Coef.   Std. Err.      t    P>|t|     [95% Conf. Interval]
-------------+----------------------------------------------------------------
         (1) |   .4654088   .0450793    10.32   0.000     .3768886    .5539291
------------------------------------------------------------------------------
      name:  <unnamed>
       log:  /accounts/grad/haowen.wu/Documents/EJR-revise/sum-stats/summary_st
> ats_3.log
  log type:  text
 closed on:   3 Feb 2019, 19:05:10
-------------------------------------------------------------------------------
