-------------------------------------------------------------------------------
      name:  <unnamed>
       log:  /accounts/grad/haowen.wu/Documents/EJR-revise/sum-stats/summary_st
> ats_4.log
  log type:  text
 opened on:   3 Feb 2019, 19:05:12
  26,707
Before August 2017

     female |      Freq.     Percent        Cum.
------------+-----------------------------------
          0 |     18,339       89.74       89.74
          1 |      2,097       10.26      100.00
------------+-----------------------------------
      Total |     20,436      100.00
  9,590
  1,128
  8,730

Linear regression                               Number of obs     =     20,436
                                                F(1, 9589)        =      12.37
                                                Prob > F          =     0.0004
                                                R-squared         =     0.0005
                                                Root MSE          =     13.298

                          (Std. Err. adjusted for 9,590 clusters in title_id1)
------------------------------------------------------------------------------
             |               Robust
        acad |      Coef.   Std. Err.      t    P>|t|     [95% Conf. Interval]
-------------+----------------------------------------------------------------
      female |  -.9303232   .2644799    -3.52   0.000     -1.44876   -.4118866
       _cons |   6.001854   .1096574    54.73   0.000     5.786902    6.216806
------------------------------------------------------------------------------

 ( 1)  female + _cons = 0

------------------------------------------------------------------------------
        acad |      Coef.   Std. Err.      t    P>|t|     [95% Conf. Interval]
-------------+----------------------------------------------------------------
         (1) |   5.071531    .241973    20.96   0.000     4.597213    5.545849
------------------------------------------------------------------------------

Linear regression                               Number of obs     =     20,436
                                                F(1, 9589)        =      26.14
                                                Prob > F          =     0.0000
                                                R-squared         =     0.0030
                                                Root MSE          =     1.1345

                          (Std. Err. adjusted for 9,590 clusters in title_id1)
------------------------------------------------------------------------------
             |               Robust
      person |      Coef.   Std. Err.      t    P>|t|     [95% Conf. Interval]
-------------+----------------------------------------------------------------
      female |   .2036973   .0398442     5.11   0.000     .1255943    .2818003
       _cons |   .2726975   .0081851    33.32   0.000      .256653     .288742
------------------------------------------------------------------------------

 ( 1)  female + _cons = 0

------------------------------------------------------------------------------
      person |      Coef.   Std. Err.      t    P>|t|     [95% Conf. Interval]
-------------+----------------------------------------------------------------
         (1) |   .4763948   .0390379    12.20   0.000     .3998723    .5529174
------------------------------------------------------------------------------

Linear regression                               Number of obs     =     20,436
                                                F(1, 9589)        =       8.46
                                                Prob > F          =     0.0036
                                                R-squared         =     0.0006
                                                Root MSE          =     .45211

                          (Std. Err. adjusted for 9,590 clusters in title_id1)
------------------------------------------------------------------------------
             |               Robust
  acad_dummy |      Coef.   Std. Err.      t    P>|t|     [95% Conf. Interval]
-------------+----------------------------------------------------------------
      female |  -.0360237   .0123843    -2.91   0.004    -.0602995    -.011748
       _cons |   .7169966   .0042173   170.01   0.000     .7087298    .7252633
------------------------------------------------------------------------------

 ( 1)  female + _cons = 0

------------------------------------------------------------------------------
  acad_dummy |      Coef.   Std. Err.      t    P>|t|     [95% Conf. Interval]
-------------+----------------------------------------------------------------
         (1) |   .6809728   .0118334    57.55   0.000     .6577769    .7041687
------------------------------------------------------------------------------

Linear regression                               Number of obs     =     20,436
                                                F(1, 9589)        =      26.14
                                                Prob > F          =     0.0000
                                                R-squared         =     0.0030
                                                Root MSE          =     1.1345

                          (Std. Err. adjusted for 9,590 clusters in title_id1)
------------------------------------------------------------------------------
             |               Robust
      person |      Coef.   Std. Err.      t    P>|t|     [95% Conf. Interval]
-------------+----------------------------------------------------------------
      female |   .2036973   .0398442     5.11   0.000     .1255943    .2818003
       _cons |   .2726975   .0081851    33.32   0.000      .256653     .288742
------------------------------------------------------------------------------

 ( 1)  female + _cons = 0

------------------------------------------------------------------------------
      person |      Coef.   Std. Err.      t    P>|t|     [95% Conf. Interval]
-------------+----------------------------------------------------------------
         (1) |   .4763948   .0390379    12.20   0.000     .3998723    .5529174
------------------------------------------------------------------------------

Linear regression                               Number of obs     =     20,436
                                                F(1, 9589)        =      25.64
                                                Prob > F          =     0.0000
                                                R-squared         =     0.0018
                                                Root MSE          =     .35737

                          (Std. Err. adjusted for 9,590 clusters in title_id1)
------------------------------------------------------------------------------
             |               Robust
person_dummy |      Coef.   Std. Err.      t    P>|t|     [95% Conf. Interval]
-------------+----------------------------------------------------------------
      female |   .0500351   .0098809     5.06   0.000     .0306665    .0694037
       _cons |   .1454823   .0028455    51.13   0.000     .1399046      .15106
------------------------------------------------------------------------------

 ( 1)  female + _cons = 0

------------------------------------------------------------------------------
person_dummy |      Coef.   Std. Err.      t    P>|t|     [95% Conf. Interval]
-------------+----------------------------------------------------------------
         (1) |   .1955174    .009494    20.59   0.000     .1769072    .2141276
------------------------------------------------------------------------------

Linear regression                               Number of obs     =     20,436
                                                F(1, 9589)        =      34.85
                                                Prob > F          =     0.0000
                                                R-squared         =     0.0023
                                                Root MSE          =     .49311

                          (Std. Err. adjusted for 9,590 clusters in title_id1)
------------------------------------------------------------------------------
             |               Robust
p_acad_dummy |      Coef.   Std. Err.      t    P>|t|     [95% Conf. Interval]
-------------+----------------------------------------------------------------
      female |  -.0776607   .0131545    -5.90   0.000    -.1034463   -.0518752
       _cons |   .5874366   .0043084   136.35   0.000     .5789913    .5958819
------------------------------------------------------------------------------

 ( 1)  female + _cons = 0

------------------------------------------------------------------------------
p_acad_dummy |      Coef.   Std. Err.      t    P>|t|     [95% Conf. Interval]
-------------+----------------------------------------------------------------
         (1) |   .5097759   .0124827    40.84   0.000     .4853072    .5342446
------------------------------------------------------------------------------
*************************************************************************
After August 2017

     female |      Freq.     Percent        Cum.
------------+-----------------------------------
          0 |      1,059       88.99       88.99
          1 |        131       11.01      100.00
------------+-----------------------------------
      Total |      1,190      100.00
  791
  84
  546
Dependent Variable: acad

Linear regression                               Number of obs     =      1,190
                                                F(1, 618)         =       2.39
                                                Prob > F          =     0.1229
                                                R-squared         =     0.0009
                                                Root MSE          =     13.456

                            (Std. Err. adjusted for 619 clusters in title_id1)
------------------------------------------------------------------------------
             |               Robust
        acad |      Coef.   Std. Err.      t    P>|t|     [95% Conf. Interval]
-------------+----------------------------------------------------------------
      female |  -1.286148    .832538    -1.54   0.123    -2.921094    .3487986
       _cons |   5.919736   .4509368    13.13   0.000     5.034181     6.80529
------------------------------------------------------------------------------

 ( 1)  female + _cons = 0

------------------------------------------------------------------------------
        acad |      Coef.   Std. Err.      t    P>|t|     [95% Conf. Interval]
-------------+----------------------------------------------------------------
         (1) |   4.633588   .7015069     6.61   0.000     3.255961    6.011214
------------------------------------------------------------------------------
Dependent Variable: person

Linear regression                               Number of obs     =      1,190
                                                F(1, 618)         =       0.56
                                                Prob > F          =     0.4547
                                                R-squared         =     0.0003
                                                Root MSE          =     1.3209

                            (Std. Err. adjusted for 619 clusters in title_id1)
------------------------------------------------------------------------------
             |               Robust
      person |      Coef.   Std. Err.      t    P>|t|     [95% Conf. Interval]
-------------+----------------------------------------------------------------
      female |   -.067967   .0908542    -0.75   0.455    -.2463875    .1104534
       _cons |   .3427762    .044086     7.78   0.000     .2561997    .4293527
------------------------------------------------------------------------------

 ( 1)  female + _cons = 0

------------------------------------------------------------------------------
      person |      Coef.   Std. Err.      t    P>|t|     [95% Conf. Interval]
-------------+----------------------------------------------------------------
         (1) |   .2748092   .0789873     3.48   0.001      .119693    .4299253
------------------------------------------------------------------------------
Dependent Variable: acad_dummy

Linear regression                               Number of obs     =      1,190
                                                F(1, 618)         =       0.92
                                                Prob > F          =     0.3386
                                                R-squared         =     0.0012
                                                Root MSE          =     .45065

                            (Std. Err. adjusted for 619 clusters in title_id1)
------------------------------------------------------------------------------
             |               Robust
  acad_dummy |      Coef.   Std. Err.      t    P>|t|     [95% Conf. Interval]
-------------+----------------------------------------------------------------
      female |  -.0506239   .0528616    -0.96   0.339     -.154434    .0531863
       _cons |   .7223796   .0158869    45.47   0.000     .6911807    .7535785
------------------------------------------------------------------------------

 ( 1)  female + _cons = 0

------------------------------------------------------------------------------
  acad_dummy |      Coef.   Std. Err.      t    P>|t|     [95% Conf. Interval]
-------------+----------------------------------------------------------------
         (1) |   .6717557    .050583    13.28   0.000     .5724204     .771091
------------------------------------------------------------------------------
Dependent Variable: person

Linear regression                               Number of obs     =      1,190
                                                F(1, 618)         =       0.56
                                                Prob > F          =     0.4547
                                                R-squared         =     0.0003
                                                Root MSE          =     1.3209

                            (Std. Err. adjusted for 619 clusters in title_id1)
------------------------------------------------------------------------------
             |               Robust
      person |      Coef.   Std. Err.      t    P>|t|     [95% Conf. Interval]
-------------+----------------------------------------------------------------
      female |   -.067967   .0908542    -0.75   0.455    -.2463875    .1104534
       _cons |   .3427762    .044086     7.78   0.000     .2561997    .4293527
------------------------------------------------------------------------------

 ( 1)  female + _cons = 0

------------------------------------------------------------------------------
      person |      Coef.   Std. Err.      t    P>|t|     [95% Conf. Interval]
-------------+----------------------------------------------------------------
         (1) |   .2748092   .0789873     3.48   0.001      .119693    .4299253
------------------------------------------------------------------------------
Dependent Variable: person_dummy

Linear regression                               Number of obs     =      1,190
                                                F(1, 618)         =       0.59
                                                Prob > F          =     0.4411
                                                R-squared         =     0.0004
                                                Root MSE          =     .35852

                            (Std. Err. adjusted for 619 clusters in title_id1)
------------------------------------------------------------------------------
             |               Robust
person_dummy |      Coef.   Std. Err.      t    P>|t|     [95% Conf. Interval]
-------------+----------------------------------------------------------------
      female |  -.0241478   .0313281    -0.77   0.441    -.0856703    .0373747
       _cons |   .1539188   .0114463    13.45   0.000     .1314403    .1763972
------------------------------------------------------------------------------

 ( 1)  female + _cons = 0

------------------------------------------------------------------------------
person_dummy |      Coef.   Std. Err.      t    P>|t|     [95% Conf. Interval]
-------------+----------------------------------------------------------------
         (1) |    .129771   .0289528     4.48   0.000     .0729133    .1866287
------------------------------------------------------------------------------
Dependent Variable: p_acad_dummy

Linear regression                               Number of obs     =      1,190
                                                F(1, 618)         =       0.40
                                                Prob > F          =     0.5259
                                                R-squared         =     0.0004
                                                Root MSE          =     .49403

                            (Std. Err. adjusted for 619 clusters in title_id1)
------------------------------------------------------------------------------
             |               Robust
p_acad_dummy |      Coef.   Std. Err.      t    P>|t|     [95% Conf. Interval]
-------------+----------------------------------------------------------------
      female |  -.0330068   .0520102    -0.63   0.526    -.1351449    .0691313
       _cons |   .5826251   .0168988    34.48   0.000     .5494391    .6158111
------------------------------------------------------------------------------

 ( 1)  female + _cons = 0

------------------------------------------------------------------------------
p_acad_dummy |      Coef.   Std. Err.      t    P>|t|     [95% Conf. Interval]
-------------+----------------------------------------------------------------
         (1) |   .5496183   .0493862    11.13   0.000     .4526333    .6466034
------------------------------------------------------------------------------
      name:  <unnamed>
       log:  /accounts/grad/haowen.wu/Documents/EJR-revise/sum-stats/summary_st
> ats_4.log
  log type:  text
 closed on:   3 Feb 2019, 19:05:13
-------------------------------------------------------------------------------
