-------------------------------------------------------------------------------
      name:  <unnamed>
       log:  /accounts/grad/haowen.wu/Documents/EJR-revise/sum-stats/summary_st
> ats_1.log
  log type:  text
 opened on:   3 Feb 2019, 19:05:00
  48,117
Before August 2017

     female |      Freq.     Percent        Cum.
------------+-----------------------------------
          0 |     11,359       78.50       78.50
          1 |      3,111       21.50      100.00
------------+-----------------------------------
      Total |     14,470      100.00
  11,214
  2,528
  9,086

Linear regression                               Number of obs     =     14,470
                                                F(1, 11213)       =     284.04
                                                Prob > F          =     0.0000
                                                R-squared         =     0.0129
                                                Root MSE          =     11.494

                         (Std. Err. adjusted for 11,214 clusters in title_id1)
------------------------------------------------------------------------------
             |               Robust
        acad |      Coef.   Std. Err.      t    P>|t|     [95% Conf. Interval]
-------------+----------------------------------------------------------------
      female |  -3.199349   .1898334   -16.85   0.000    -3.571456   -2.827242
       _cons |    9.35364   .1232956    75.86   0.000     9.111959    9.595321
------------------------------------------------------------------------------

 ( 1)  female + _cons = 0

------------------------------------------------------------------------------
        acad |      Coef.   Std. Err.      t    P>|t|     [95% Conf. Interval]
-------------+----------------------------------------------------------------
         (1) |   6.154291   .1463086    42.06   0.000     5.867501    6.441082
------------------------------------------------------------------------------

Linear regression                               Number of obs     =     14,470
                                                F(1, 11213)       =     352.49
                                                Prob > F          =     0.0000
                                                R-squared         =     0.0489
                                                Root MSE          =     1.7323

                         (Std. Err. adjusted for 11,214 clusters in title_id1)
------------------------------------------------------------------------------
             |               Robust
      person |      Coef.   Std. Err.      t    P>|t|     [95% Conf. Interval]
-------------+----------------------------------------------------------------
      female |    .956314   .0509359    18.77   0.000     .8564706    1.056157
       _cons |   .5554186   .0134353    41.34   0.000     .5290831    .5817542
------------------------------------------------------------------------------

 ( 1)  female + _cons = 0

------------------------------------------------------------------------------
      person |      Coef.   Std. Err.      t    P>|t|     [95% Conf. Interval]
-------------+----------------------------------------------------------------
         (1) |   1.511733   .0493135    30.66   0.000     1.415069    1.608396
------------------------------------------------------------------------------

Linear regression                               Number of obs     =     14,470
                                                F(1, 11213)       =       3.00
                                                Prob > F          =     0.0831
                                                R-squared         =     0.0004
                                                Root MSE          =     .14816

                         (Std. Err. adjusted for 11,214 clusters in title_id1)
------------------------------------------------------------------------------
             |               Robust
  acad_dummy |      Coef.   Std. Err.      t    P>|t|     [95% Conf. Interval]
-------------+----------------------------------------------------------------
      female |   .0069094   .0039869     1.73   0.083    -.0009056    .0147245
       _cons |   .9760542   .0021127   461.98   0.000     .9719129    .9801956
------------------------------------------------------------------------------

 ( 1)  female + _cons = 0

------------------------------------------------------------------------------
  acad_dummy |      Coef.   Std. Err.      t    P>|t|     [95% Conf. Interval]
-------------+----------------------------------------------------------------
         (1) |   .9829637   .0033817   290.67   0.000      .976335    .9895923
------------------------------------------------------------------------------

Linear regression                               Number of obs     =     14,470
                                                F(1, 11213)       =     352.49
                                                Prob > F          =     0.0000
                                                R-squared         =     0.0489
                                                Root MSE          =     1.7323

                         (Std. Err. adjusted for 11,214 clusters in title_id1)
------------------------------------------------------------------------------
             |               Robust
      person |      Coef.   Std. Err.      t    P>|t|     [95% Conf. Interval]
-------------+----------------------------------------------------------------
      female |    .956314   .0509359    18.77   0.000     .8564706    1.056157
       _cons |   .5554186   .0134353    41.34   0.000     .5290831    .5817542
------------------------------------------------------------------------------

 ( 1)  female + _cons = 0

------------------------------------------------------------------------------
      person |      Coef.   Std. Err.      t    P>|t|     [95% Conf. Interval]
-------------+----------------------------------------------------------------
         (1) |   1.511733   .0493135    30.66   0.000     1.415069    1.608396
------------------------------------------------------------------------------

Linear regression                               Number of obs     =     14,470
                                                F(1, 11213)       =     562.18
                                                Prob > F          =     0.0000
                                                R-squared         =     0.0468
                                                Root MSE          =     .46127

                         (Std. Err. adjusted for 11,214 clusters in title_id1)
------------------------------------------------------------------------------
             |               Robust
person_dummy |      Coef.   Std. Err.      t    P>|t|     [95% Conf. Interval]
-------------+----------------------------------------------------------------
      female |   .2488905   .0104971    23.71   0.000     .2283143    .2694667
       _cons |   .2827714    .004406    64.18   0.000     .2741348    .2914079
------------------------------------------------------------------------------

 ( 1)  female + _cons = 0

------------------------------------------------------------------------------
person_dummy |      Coef.   Std. Err.      t    P>|t|     [95% Conf. Interval]
-------------+----------------------------------------------------------------
         (1) |   .5316618    .009614    55.30   0.000     .5128168    .5505069
------------------------------------------------------------------------------

Linear regression                               Number of obs     =     14,470
                                                F(1, 11213)       =     498.47
                                                Prob > F          =     0.0000
                                                R-squared         =     0.0415
                                                Root MSE          =     .46848

                         (Std. Err. adjusted for 11,214 clusters in title_id1)
------------------------------------------------------------------------------
             |               Robust
p_acad_dummy |      Coef.   Std. Err.      t    P>|t|     [95% Conf. Interval]
-------------+----------------------------------------------------------------
      female |  -.2374051   .0106334   -22.33   0.000    -.2582483   -.2165618
       _cons |      .6961   .0046689   149.09   0.000     .6869482    .7052518
------------------------------------------------------------------------------

 ( 1)  female + _cons = 0

------------------------------------------------------------------------------
p_acad_dummy |      Coef.   Std. Err.      t    P>|t|     [95% Conf. Interval]
-------------+----------------------------------------------------------------
         (1) |    .458695   .0096363    47.60   0.000      .439806    .4775839
------------------------------------------------------------------------------
*************************************************************************
After August 2017

     female |      Freq.     Percent        Cum.
------------+-----------------------------------
          0 |        639       77.93       77.93
          1 |        181       22.07      100.00
------------+-----------------------------------
      Total |        820      100.00
  1,313
  149
  494
Dependent Variable: acad

Linear regression                               Number of obs     =        820
                                                F(1, 616)         =       8.32
                                                Prob > F          =     0.0041
                                                R-squared         =     0.0060
                                                Root MSE          =     13.353

                            (Std. Err. adjusted for 617 clusters in title_id1)
------------------------------------------------------------------------------
             |               Robust
        acad |      Coef.   Std. Err.      t    P>|t|     [95% Conf. Interval]
-------------+----------------------------------------------------------------
      female |  -2.493814   .8647306    -2.88   0.004    -4.191991   -.7956363
       _cons |   10.39437   .5949539    17.47   0.000     9.225982    11.56275
------------------------------------------------------------------------------

 ( 1)  female + _cons = 0

------------------------------------------------------------------------------
        acad |      Coef.   Std. Err.      t    P>|t|     [95% Conf. Interval]
-------------+----------------------------------------------------------------
         (1) |   7.900552   .6378174    12.39   0.000     6.647992    9.153113
------------------------------------------------------------------------------
Dependent Variable: person

Linear regression                               Number of obs     =        820
                                                F(1, 616)         =      19.57
                                                Prob > F          =     0.0000
                                                R-squared         =     0.0426
                                                Root MSE          =     1.6168

                            (Std. Err. adjusted for 617 clusters in title_id1)
------------------------------------------------------------------------------
             |               Robust
      person |      Coef.   Std. Err.      t    P>|t|     [95% Conf. Interval]
-------------+----------------------------------------------------------------
      female |      .8217   .1857522     4.42   0.000     .4569157    1.186484
       _cons |   .5539906   .0547545    10.12   0.000     .4464624    .6615188
------------------------------------------------------------------------------

 ( 1)  female + _cons = 0

------------------------------------------------------------------------------
      person |      Coef.   Std. Err.      t    P>|t|     [95% Conf. Interval]
-------------+----------------------------------------------------------------
         (1) |   1.375691   .1777289     7.74   0.000     1.026663    1.724719
------------------------------------------------------------------------------
Dependent Variable: acad_dummy

Linear regression                               Number of obs     =        820
                                                F(1, 616)         =       0.11
                                                Prob > F          =     0.7357
                                                R-squared         =     0.0001
                                                Root MSE          =     .08533

                            (Std. Err. adjusted for 617 clusters in title_id1)
------------------------------------------------------------------------------
             |               Robust
  acad_dummy |      Coef.   Std. Err.      t    P>|t|     [95% Conf. Interval]
-------------+----------------------------------------------------------------
      female |   .0022999   .0068091     0.34   0.736    -.0110721    .0156718
       _cons |   .9921753   .0040699   243.79   0.000     .9841828    1.000168
------------------------------------------------------------------------------

 ( 1)  female + _cons = 0

------------------------------------------------------------------------------
  acad_dummy |      Coef.   Std. Err.      t    P>|t|     [95% Conf. Interval]
-------------+----------------------------------------------------------------
         (1) |   .9944751   .0054633   182.03   0.000     .9837462    1.005204
------------------------------------------------------------------------------
Dependent Variable: person

Linear regression                               Number of obs     =        820
                                                F(1, 616)         =      19.57
                                                Prob > F          =     0.0000
                                                R-squared         =     0.0426
                                                Root MSE          =     1.6168

                            (Std. Err. adjusted for 617 clusters in title_id1)
------------------------------------------------------------------------------
             |               Robust
      person |      Coef.   Std. Err.      t    P>|t|     [95% Conf. Interval]
-------------+----------------------------------------------------------------
      female |      .8217   .1857522     4.42   0.000     .4569157    1.186484
       _cons |   .5539906   .0547545    10.12   0.000     .4464624    .6615188
------------------------------------------------------------------------------

 ( 1)  female + _cons = 0

------------------------------------------------------------------------------
      person |      Coef.   Std. Err.      t    P>|t|     [95% Conf. Interval]
-------------+----------------------------------------------------------------
         (1) |   1.375691   .1777289     7.74   0.000     1.026663    1.724719
------------------------------------------------------------------------------
Dependent Variable: person_dummy

Linear regression                               Number of obs     =        820
                                                F(1, 616)         =      39.97
                                                Prob > F          =     0.0000
                                                R-squared         =     0.0606
                                                Root MSE          =     .44722

                            (Std. Err. adjusted for 617 clusters in title_id1)
------------------------------------------------------------------------------
             |               Robust
person_dummy |      Coef.   Std. Err.      t    P>|t|     [95% Conf. Interval]
-------------+----------------------------------------------------------------
      female |   .2736406   .0432827     6.32   0.000     .1886411    .3586401
       _cons |   .2456964   .0186049    13.21   0.000     .2091597    .2822331
------------------------------------------------------------------------------

 ( 1)  female + _cons = 0

------------------------------------------------------------------------------
person_dummy |      Coef.   Std. Err.      t    P>|t|     [95% Conf. Interval]
-------------+----------------------------------------------------------------
         (1) |    .519337    .039744    13.07   0.000     .4412868    .5973873
------------------------------------------------------------------------------
Dependent Variable: p_acad_dummy

Linear regression                               Number of obs     =        820
                                                F(1, 616)         =      37.63
                                                Prob > F          =     0.0000
                                                R-squared         =     0.0566
                                                Root MSE          =     .45063

                            (Std. Err. adjusted for 617 clusters in title_id1)
------------------------------------------------------------------------------
             |               Robust
p_acad_dummy |      Coef.   Std. Err.      t    P>|t|     [95% Conf. Interval]
-------------+----------------------------------------------------------------
      female |  -.2658159    .043335    -6.13   0.000    -.3509181   -.1807136
       _cons |   .7464789    .018747    39.82   0.000     .7096631    .7832946
------------------------------------------------------------------------------

 ( 1)  female + _cons = 0

------------------------------------------------------------------------------
p_acad_dummy |      Coef.   Std. Err.      t    P>|t|     [95% Conf. Interval]
-------------+----------------------------------------------------------------
         (1) |    .480663    .039744    12.09   0.000     .4026127    .5587132
------------------------------------------------------------------------------
      name:  <unnamed>
       log:  /accounts/grad/haowen.wu/Documents/EJR-revise/sum-stats/summary_st
> ats_1.log
  log type:  text
 closed on:   3 Feb 2019, 19:05:02
-------------------------------------------------------------------------------
